{
  "stats": {
    "suites": 19,
    "tests": 33,
    "passes": 33,
    "pending": 0,
    "failures": 0,
    "start": "2025-04-17T12:53:59.996Z",
    "end": "2025-04-17T12:54:00.025Z",
    "duration": 29,
    "testsRegistered": 33,
    "passPercent": 100,
    "pendingPercent": 0,
    "other": 0,
    "hasOther": false,
    "skipped": 0,
    "hasSkipped": false
  },
  "results": [
    {
      "uuid": "e1ce7f51-62cb-4a3e-943a-e776e275d056",
      "title": "",
      "fullFile": "",
      "file": "",
      "beforeHooks": [],
      "afterHooks": [],
      "tests": [],
      "suites": [
        {
          "uuid": "4fd195ab-0f89-4f78-85cf-3ee78bb16f57",
          "title": "arrayUtils",
          "fullFile": "C:\\Users\\arons\\autotest\\practice_unit\\tests\\arrayUtils.test.js",
          "file": "\\tests\\arrayUtils.test.js",
          "beforeHooks": [],
          "afterHooks": [],
          "tests": [],
          "suites": [
            {
              "uuid": "d64af074-bf68-43e3-8234-9901877c4894",
              "title": "findMax",
              "fullFile": "C:\\Users\\arons\\autotest\\practice_unit\\tests\\arrayUtils.test.js",
              "file": "\\tests\\arrayUtils.test.js",
              "beforeHooks": [],
              "afterHooks": [],
              "tests": [
                {
                  "title": "returns max value",
                  "fullTitle": "arrayUtils findMax returns max value",
                  "timedOut": false,
                  "duration": 1,
                  "state": "passed",
                  "speed": "fast",
                  "pass": true,
                  "fail": false,
                  "pending": false,
                  "context": null,
                  "code": "expect(findMax([1, 5, 3])).to.equal(5);",
                  "err": {},
                  "uuid": "38249ebb-2cb0-4204-ba11-6c4ef32af9fe",
                  "parentUUID": "d64af074-bf68-43e3-8234-9901877c4894",
                  "isHook": false,
                  "skipped": false
                },
                {
                  "title": "throws error if input is not array",
                  "fullTitle": "arrayUtils findMax throws error if input is not array",
                  "timedOut": false,
                  "duration": 1,
                  "state": "passed",
                  "speed": "fast",
                  "pass": true,
                  "fail": false,
                  "pending": false,
                  "context": null,
                  "code": "expect(() => findMax('hello')).to.throw('Input must be an array');",
                  "err": {},
                  "uuid": "91c77a60-3761-4994-8156-58d27d6329dd",
                  "parentUUID": "d64af074-bf68-43e3-8234-9901877c4894",
                  "isHook": false,
                  "skipped": false
                }
              ],
              "suites": [],
              "passes": [
                "38249ebb-2cb0-4204-ba11-6c4ef32af9fe",
                "91c77a60-3761-4994-8156-58d27d6329dd"
              ],
              "failures": [],
              "pending": [],
              "skipped": [],
              "duration": 2,
              "root": false,
              "rootEmpty": false,
              "_timeout": 2000
            },
            {
              "uuid": "7a953684-4d5a-47d9-a734-bbe76a173b1b",
              "title": "findMin",
              "fullFile": "C:\\Users\\arons\\autotest\\practice_unit\\tests\\arrayUtils.test.js",
              "file": "\\tests\\arrayUtils.test.js",
              "beforeHooks": [],
              "afterHooks": [],
              "tests": [
                {
                  "title": "returns min value",
                  "fullTitle": "arrayUtils findMin returns min value",
                  "timedOut": false,
                  "duration": 0,
                  "state": "passed",
                  "speed": "fast",
                  "pass": true,
                  "fail": false,
                  "pending": false,
                  "context": null,
                  "code": "expect(findMin([1, 5, 3])).to.equal(1);",
                  "err": {},
                  "uuid": "85508fdd-fcfd-4a16-aa0b-8314582495fb",
                  "parentUUID": "7a953684-4d5a-47d9-a734-bbe76a173b1b",
                  "isHook": false,
                  "skipped": false
                },
                {
                  "title": "throws error if input is not array",
                  "fullTitle": "arrayUtils findMin throws error if input is not array",
                  "timedOut": false,
                  "duration": 0,
                  "state": "passed",
                  "speed": "fast",
                  "pass": true,
                  "fail": false,
                  "pending": false,
                  "context": null,
                  "code": "expect(() => findMin(null)).to.throw('Input must be an array');",
                  "err": {},
                  "uuid": "a5fb16c3-0618-4961-9638-4d9cae81bffe",
                  "parentUUID": "7a953684-4d5a-47d9-a734-bbe76a173b1b",
                  "isHook": false,
                  "skipped": false
                }
              ],
              "suites": [],
              "passes": [
                "85508fdd-fcfd-4a16-aa0b-8314582495fb",
                "a5fb16c3-0618-4961-9638-4d9cae81bffe"
              ],
              "failures": [],
              "pending": [],
              "skipped": [],
              "duration": 0,
              "root": false,
              "rootEmpty": false,
              "_timeout": 2000
            },
            {
              "uuid": "eef2ca53-4af7-489b-ae61-30a5456efbb3",
              "title": "removeDuplicates",
              "fullFile": "C:\\Users\\arons\\autotest\\practice_unit\\tests\\arrayUtils.test.js",
              "file": "\\tests\\arrayUtils.test.js",
              "beforeHooks": [],
              "afterHooks": [],
              "tests": [
                {
                  "title": "removes duplicates",
                  "fullTitle": "arrayUtils removeDuplicates removes duplicates",
                  "timedOut": false,
                  "duration": 0,
                  "state": "passed",
                  "speed": "fast",
                  "pass": true,
                  "fail": false,
                  "pending": false,
                  "context": null,
                  "code": "expect(removeDuplicates([1, 2, 2, 3])).to.deep.equal([1, 2, 3]);",
                  "err": {},
                  "uuid": "0b573e52-8d75-4a37-9973-a8814959f6a6",
                  "parentUUID": "eef2ca53-4af7-489b-ae61-30a5456efbb3",
                  "isHook": false,
                  "skipped": false
                },
                {
                  "title": "returns same array if no duplicates",
                  "fullTitle": "arrayUtils removeDuplicates returns same array if no duplicates",
                  "timedOut": false,
                  "duration": 0,
                  "state": "passed",
                  "speed": "fast",
                  "pass": true,
                  "fail": false,
                  "pending": false,
                  "context": null,
                  "code": "expect(removeDuplicates([1, 2, 3])).to.deep.equal([1, 2, 3]);",
                  "err": {},
                  "uuid": "802fe3c2-2fbb-4a26-a72f-25cb73e20b0b",
                  "parentUUID": "eef2ca53-4af7-489b-ae61-30a5456efbb3",
                  "isHook": false,
                  "skipped": false
                },
                {
                  "title": "throws error if input is not array",
                  "fullTitle": "arrayUtils removeDuplicates throws error if input is not array",
                  "timedOut": false,
                  "duration": 0,
                  "state": "passed",
                  "speed": "fast",
                  "pass": true,
                  "fail": false,
                  "pending": false,
                  "context": null,
                  "code": "expect(() => removeDuplicates(123)).to.throw('Input must be an array');",
                  "err": {},
                  "uuid": "d7405fd9-7206-4baf-a036-8877108183ff",
                  "parentUUID": "eef2ca53-4af7-489b-ae61-30a5456efbb3",
                  "isHook": false,
                  "skipped": false
                }
              ],
              "suites": [],
              "passes": [
                "0b573e52-8d75-4a37-9973-a8814959f6a6",
                "802fe3c2-2fbb-4a26-a72f-25cb73e20b0b",
                "d7405fd9-7206-4baf-a036-8877108183ff"
              ],
              "failures": [],
              "pending": [],
              "skipped": [],
              "duration": 0,
              "root": false,
              "rootEmpty": false,
              "_timeout": 2000
            }
          ],
          "passes": [],
          "failures": [],
          "pending": [],
          "skipped": [],
          "duration": 0,
          "root": false,
          "rootEmpty": false,
          "_timeout": 2000
        },
        {
          "uuid": "49a57fad-011b-43b2-a585-32f3b1386503",
          "title": "mathUtils",
          "fullFile": "C:\\Users\\arons\\autotest\\practice_unit\\tests\\mathUtils.test.js",
          "file": "\\tests\\mathUtils.test.js",
          "beforeHooks": [],
          "afterHooks": [],
          "tests": [],
          "suites": [
            {
              "uuid": "41cdf255-7380-423d-8be2-212d8b092f44",
              "title": "add",
              "fullFile": "C:\\Users\\arons\\autotest\\practice_unit\\tests\\mathUtils.test.js",
              "file": "\\tests\\mathUtils.test.js",
              "beforeHooks": [],
              "afterHooks": [],
              "tests": [
                {
                  "title": "adds two numbers",
                  "fullTitle": "mathUtils add adds two numbers",
                  "timedOut": false,
                  "duration": 0,
                  "state": "passed",
                  "speed": "fast",
                  "pass": true,
                  "fail": false,
                  "pending": false,
                  "context": null,
                  "code": "expect(add(2, 3)).to.equal(5);",
                  "err": {},
                  "uuid": "6a93f5e7-917d-415e-893d-70fa2e8abd71",
                  "parentUUID": "41cdf255-7380-423d-8be2-212d8b092f44",
                  "isHook": false,
                  "skipped": false
                }
              ],
              "suites": [],
              "passes": [
                "6a93f5e7-917d-415e-893d-70fa2e8abd71"
              ],
              "failures": [],
              "pending": [],
              "skipped": [],
              "duration": 0,
              "root": false,
              "rootEmpty": false,
              "_timeout": 2000
            },
            {
              "uuid": "5773813c-0d0e-4af4-86a4-5428baae5520",
              "title": "subtract",
              "fullFile": "C:\\Users\\arons\\autotest\\practice_unit\\tests\\mathUtils.test.js",
              "file": "\\tests\\mathUtils.test.js",
              "beforeHooks": [],
              "afterHooks": [],
              "tests": [
                {
                  "title": "subtracts second number from first",
                  "fullTitle": "mathUtils subtract subtracts second number from first",
                  "timedOut": false,
                  "duration": 0,
                  "state": "passed",
                  "speed": "fast",
                  "pass": true,
                  "fail": false,
                  "pending": false,
                  "context": null,
                  "code": "expect(subtract(5, 2)).to.equal(3);",
                  "err": {},
                  "uuid": "b0549c33-3290-48ca-8147-28d0ac5ba2fd",
                  "parentUUID": "5773813c-0d0e-4af4-86a4-5428baae5520",
                  "isHook": false,
                  "skipped": false
                }
              ],
              "suites": [],
              "passes": [
                "b0549c33-3290-48ca-8147-28d0ac5ba2fd"
              ],
              "failures": [],
              "pending": [],
              "skipped": [],
              "duration": 0,
              "root": false,
              "rootEmpty": false,
              "_timeout": 2000
            },
            {
              "uuid": "58681326-0653-4160-a596-c6462eb97b91",
              "title": "multiply",
              "fullFile": "C:\\Users\\arons\\autotest\\practice_unit\\tests\\mathUtils.test.js",
              "file": "\\tests\\mathUtils.test.js",
              "beforeHooks": [],
              "afterHooks": [],
              "tests": [
                {
                  "title": "multiplies two numbers",
                  "fullTitle": "mathUtils multiply multiplies two numbers",
                  "timedOut": false,
                  "duration": 0,
                  "state": "passed",
                  "speed": "fast",
                  "pass": true,
                  "fail": false,
                  "pending": false,
                  "context": null,
                  "code": "expect(multiply(3, 4)).to.equal(12);",
                  "err": {},
                  "uuid": "f5deb44f-279d-469a-90e4-06ba6992f803",
                  "parentUUID": "58681326-0653-4160-a596-c6462eb97b91",
                  "isHook": false,
                  "skipped": false
                }
              ],
              "suites": [],
              "passes": [
                "f5deb44f-279d-469a-90e4-06ba6992f803"
              ],
              "failures": [],
              "pending": [],
              "skipped": [],
              "duration": 0,
              "root": false,
              "rootEmpty": false,
              "_timeout": 2000
            },
            {
              "uuid": "ca6bcf70-9264-426f-b5f3-ba3afd3af932",
              "title": "divide",
              "fullFile": "C:\\Users\\arons\\autotest\\practice_unit\\tests\\mathUtils.test.js",
              "file": "\\tests\\mathUtils.test.js",
              "beforeHooks": [],
              "afterHooks": [],
              "tests": [
                {
                  "title": "divides first number by second",
                  "fullTitle": "mathUtils divide divides first number by second",
                  "timedOut": false,
                  "duration": 0,
                  "state": "passed",
                  "speed": "fast",
                  "pass": true,
                  "fail": false,
                  "pending": false,
                  "context": null,
                  "code": "expect(divide(10, 2)).to.equal(5);",
                  "err": {},
                  "uuid": "05802270-519d-4da1-91ef-a8468cfaf8b3",
                  "parentUUID": "ca6bcf70-9264-426f-b5f3-ba3afd3af932",
                  "isHook": false,
                  "skipped": false
                },
                {
                  "title": "throws error on division by zero",
                  "fullTitle": "mathUtils divide throws error on division by zero",
                  "timedOut": false,
                  "duration": 1,
                  "state": "passed",
                  "speed": "fast",
                  "pass": true,
                  "fail": false,
                  "pending": false,
                  "context": null,
                  "code": "expect(() => divide(10, 0)).to.throw('Cannot divide by zero');",
                  "err": {},
                  "uuid": "c5a864f9-a101-45c5-890f-73b23f8ab595",
                  "parentUUID": "ca6bcf70-9264-426f-b5f3-ba3afd3af932",
                  "isHook": false,
                  "skipped": false
                }
              ],
              "suites": [],
              "passes": [
                "05802270-519d-4da1-91ef-a8468cfaf8b3",
                "c5a864f9-a101-45c5-890f-73b23f8ab595"
              ],
              "failures": [],
              "pending": [],
              "skipped": [],
              "duration": 1,
              "root": false,
              "rootEmpty": false,
              "_timeout": 2000
            }
          ],
          "passes": [],
          "failures": [],
          "pending": [],
          "skipped": [],
          "duration": 0,
          "root": false,
          "rootEmpty": false,
          "_timeout": 2000
        },
        {
          "uuid": "53f20cbc-a417-465c-94dd-1feb0b74bf98",
          "title": "stringUtils",
          "fullFile": "C:\\Users\\arons\\autotest\\practice_unit\\tests\\stringUtils.test.js",
          "file": "\\tests\\stringUtils.test.js",
          "beforeHooks": [],
          "afterHooks": [],
          "tests": [],
          "suites": [
            {
              "uuid": "2b21c0f1-e356-4ec8-bd73-92c2e78d7700",
              "title": "capitalize",
              "fullFile": "C:\\Users\\arons\\autotest\\practice_unit\\tests\\stringUtils.test.js",
              "file": "\\tests\\stringUtils.test.js",
              "beforeHooks": [],
              "afterHooks": [],
              "tests": [
                {
                  "title": "capitalizes the first letter",
                  "fullTitle": "stringUtils capitalize capitalizes the first letter",
                  "timedOut": false,
                  "duration": 0,
                  "state": "passed",
                  "speed": "fast",
                  "pass": true,
                  "fail": false,
                  "pending": false,
                  "context": null,
                  "code": "expect(capitalize('hello')).to.equal('Hello');",
                  "err": {},
                  "uuid": "0ac35a54-fda6-4cfe-90e7-8e756be32486",
                  "parentUUID": "2b21c0f1-e356-4ec8-bd73-92c2e78d7700",
                  "isHook": false,
                  "skipped": false
                },
                {
                  "title": "throws error if input is not a string",
                  "fullTitle": "stringUtils capitalize throws error if input is not a string",
                  "timedOut": false,
                  "duration": 0,
                  "state": "passed",
                  "speed": "fast",
                  "pass": true,
                  "fail": false,
                  "pending": false,
                  "context": null,
                  "code": "expect(() => capitalize(123)).to.throw('Input must be a string');",
                  "err": {},
                  "uuid": "e54f49ed-9d45-45d1-bceb-4f4d287156e2",
                  "parentUUID": "2b21c0f1-e356-4ec8-bd73-92c2e78d7700",
                  "isHook": false,
                  "skipped": false
                }
              ],
              "suites": [],
              "passes": [
                "0ac35a54-fda6-4cfe-90e7-8e756be32486",
                "e54f49ed-9d45-45d1-bceb-4f4d287156e2"
              ],
              "failures": [],
              "pending": [],
              "skipped": [],
              "duration": 0,
              "root": false,
              "rootEmpty": false,
              "_timeout": 2000
            },
            {
              "uuid": "f743bb4f-33c8-463b-b55d-990ea5b900f0",
              "title": "reverseString",
              "fullFile": "C:\\Users\\arons\\autotest\\practice_unit\\tests\\stringUtils.test.js",
              "file": "\\tests\\stringUtils.test.js",
              "beforeHooks": [],
              "afterHooks": [],
              "tests": [
                {
                  "title": "reverses a string",
                  "fullTitle": "stringUtils reverseString reverses a string",
                  "timedOut": false,
                  "duration": 1,
                  "state": "passed",
                  "speed": "fast",
                  "pass": true,
                  "fail": false,
                  "pending": false,
                  "context": null,
                  "code": "expect(reverseString('abc')).to.equal('cba');",
                  "err": {},
                  "uuid": "1115100a-a19d-4c9d-a285-d64988a8c564",
                  "parentUUID": "f743bb4f-33c8-463b-b55d-990ea5b900f0",
                  "isHook": false,
                  "skipped": false
                },
                {
                  "title": "throws error if input is not a string",
                  "fullTitle": "stringUtils reverseString throws error if input is not a string",
                  "timedOut": false,
                  "duration": 0,
                  "state": "passed",
                  "speed": "fast",
                  "pass": true,
                  "fail": false,
                  "pending": false,
                  "context": null,
                  "code": "expect(() => reverseString(null)).to.throw('Input must be a string');",
                  "err": {},
                  "uuid": "96075e9f-66fc-47d6-b5e7-be8e3cb0f296",
                  "parentUUID": "f743bb4f-33c8-463b-b55d-990ea5b900f0",
                  "isHook": false,
                  "skipped": false
                }
              ],
              "suites": [],
              "passes": [
                "1115100a-a19d-4c9d-a285-d64988a8c564",
                "96075e9f-66fc-47d6-b5e7-be8e3cb0f296"
              ],
              "failures": [],
              "pending": [],
              "skipped": [],
              "duration": 1,
              "root": false,
              "rootEmpty": false,
              "_timeout": 2000
            },
            {
              "uuid": "e70f6d35-f230-4135-9158-cd75ba36ddb9",
              "title": "isPalindrome",
              "fullFile": "C:\\Users\\arons\\autotest\\practice_unit\\tests\\stringUtils.test.js",
              "file": "\\tests\\stringUtils.test.js",
              "beforeHooks": [],
              "afterHooks": [],
              "tests": [
                {
                  "title": "returns true for palindrome",
                  "fullTitle": "stringUtils isPalindrome returns true for palindrome",
                  "timedOut": false,
                  "duration": 0,
                  "state": "passed",
                  "speed": "fast",
                  "pass": true,
                  "fail": false,
                  "pending": false,
                  "context": null,
                  "code": "expect(isPalindrome('madam')).to.be.true;",
                  "err": {},
                  "uuid": "d3b2969a-5554-4a3e-a9c3-9056851559c7",
                  "parentUUID": "e70f6d35-f230-4135-9158-cd75ba36ddb9",
                  "isHook": false,
                  "skipped": false
                },
                {
                  "title": "returns false for non-palindrome",
                  "fullTitle": "stringUtils isPalindrome returns false for non-palindrome",
                  "timedOut": false,
                  "duration": 0,
                  "state": "passed",
                  "speed": "fast",
                  "pass": true,
                  "fail": false,
                  "pending": false,
                  "context": null,
                  "code": "expect(isPalindrome('hello')).to.be.false;",
                  "err": {},
                  "uuid": "926415a0-1079-47aa-8f08-2706591e0d7c",
                  "parentUUID": "e70f6d35-f230-4135-9158-cd75ba36ddb9",
                  "isHook": false,
                  "skipped": false
                },
                {
                  "title": "throws error if input is not a string",
                  "fullTitle": "stringUtils isPalindrome throws error if input is not a string",
                  "timedOut": false,
                  "duration": 0,
                  "state": "passed",
                  "speed": "fast",
                  "pass": true,
                  "fail": false,
                  "pending": false,
                  "context": null,
                  "code": "expect(() => isPalindrome(123)).to.throw('Input must be a string');",
                  "err": {},
                  "uuid": "afbd2fa6-464f-448f-a4bf-ffb69dacb80e",
                  "parentUUID": "e70f6d35-f230-4135-9158-cd75ba36ddb9",
                  "isHook": false,
                  "skipped": false
                }
              ],
              "suites": [],
              "passes": [
                "d3b2969a-5554-4a3e-a9c3-9056851559c7",
                "926415a0-1079-47aa-8f08-2706591e0d7c",
                "afbd2fa6-464f-448f-a4bf-ffb69dacb80e"
              ],
              "failures": [],
              "pending": [],
              "skipped": [],
              "duration": 0,
              "root": false,
              "rootEmpty": false,
              "_timeout": 2000
            }
          ],
          "passes": [],
          "failures": [],
          "pending": [],
          "skipped": [],
          "duration": 0,
          "root": false,
          "rootEmpty": false,
          "_timeout": 2000
        },
        {
          "uuid": "96421ac4-82e3-4671-89ad-5a4149c3a300",
          "title": "checkStudentKnowledge",
          "fullFile": "C:\\Users\\arons\\autotest\\practice_unit\\tests\\studentKnowledgeCheckerUtil.test.js",
          "file": "\\tests\\studentKnowledgeCheckerUtil.test.js",
          "beforeHooks": [],
          "afterHooks": [],
          "tests": [
            {
              "title": "returns true for all correct answers",
              "fullTitle": "checkStudentKnowledge returns true for all correct answers",
              "timedOut": false,
              "duration": 0,
              "state": "passed",
              "speed": "fast",
              "pass": true,
              "fail": false,
              "pending": false,
              "context": null,
              "code": "const student = { q1: 'a', q2: 'b' };\nconst correct = { q1: 'a', q2: 'b' };\nexpect(checkStudentKnowledge(student, correct)).to.be.true;",
              "err": {},
              "uuid": "18220847-4768-41d8-8d02-d1d4356b3ed7",
              "parentUUID": "96421ac4-82e3-4671-89ad-5a4149c3a300",
              "isHook": false,
              "skipped": false
            },
            {
              "title": "returns false if answers are incorrect",
              "fullTitle": "checkStudentKnowledge returns false if answers are incorrect",
              "timedOut": false,
              "duration": 0,
              "state": "passed",
              "speed": "fast",
              "pass": true,
              "fail": false,
              "pending": false,
              "context": null,
              "code": "const student = { q1: 'a', q2: 'c' };\nconst correct = { q1: 'a', q2: 'b' };\nexpect(checkStudentKnowledge(student, correct)).to.be.false;",
              "err": {},
              "uuid": "a7a4db24-f93f-4c1d-ac83-b9f9fd146a21",
              "parentUUID": "96421ac4-82e3-4671-89ad-5a4149c3a300",
              "isHook": false,
              "skipped": false
            },
            {
              "title": "returns false if keys do not match",
              "fullTitle": "checkStudentKnowledge returns false if keys do not match",
              "timedOut": false,
              "duration": 0,
              "state": "passed",
              "speed": "fast",
              "pass": true,
              "fail": false,
              "pending": false,
              "context": null,
              "code": "const student = { q1: 'a', q3: 'b' };\nconst correct = { q1: 'a', q2: 'b' };\nexpect(checkStudentKnowledge(student, correct)).to.be.false;",
              "err": {},
              "uuid": "76548c70-2628-4d85-8208-ddc826c33cfc",
              "parentUUID": "96421ac4-82e3-4671-89ad-5a4149c3a300",
              "isHook": false,
              "skipped": false
            },
            {
              "title": "returns false if lengths of keys differ",
              "fullTitle": "checkStudentKnowledge returns false if lengths of keys differ",
              "timedOut": false,
              "duration": 0,
              "state": "passed",
              "speed": "fast",
              "pass": true,
              "fail": false,
              "pending": false,
              "context": null,
              "code": "const student = { q1: 'a' };\nconst correct = { q1: 'a', q2: 'b' };\nexpect(checkStudentKnowledge(student, correct)).to.be.false;",
              "err": {},
              "uuid": "f79e1730-2f98-45b9-b4d5-4f392c10d54c",
              "parentUUID": "96421ac4-82e3-4671-89ad-5a4149c3a300",
              "isHook": false,
              "skipped": false
            }
          ],
          "suites": [],
          "passes": [
            "18220847-4768-41d8-8d02-d1d4356b3ed7",
            "a7a4db24-f93f-4c1d-ac83-b9f9fd146a21",
            "76548c70-2628-4d85-8208-ddc826c33cfc",
            "f79e1730-2f98-45b9-b4d5-4f392c10d54c"
          ],
          "failures": [],
          "pending": [],
          "skipped": [],
          "duration": 0,
          "root": false,
          "rootEmpty": false,
          "_timeout": 2000
        },
        {
          "uuid": "a74b2ba9-ed31-4cd2-85d1-9f855bbeb504",
          "title": "usersListUtils",
          "fullFile": "C:\\Users\\arons\\autotest\\practice_unit\\tests\\usersLustUtils.test.js",
          "file": "\\tests\\usersLustUtils.test.js",
          "beforeHooks": [],
          "afterHooks": [],
          "tests": [],
          "suites": [
            {
              "uuid": "45ba5132-30a6-43a0-b4de-68eb2b368ea2",
              "title": "filterUsersByAge",
              "fullFile": "C:\\Users\\arons\\autotest\\practice_unit\\tests\\usersLustUtils.test.js",
              "file": "\\tests\\usersLustUtils.test.js",
              "beforeHooks": [],
              "afterHooks": [],
              "tests": [
                {
                  "title": "filters users within age range",
                  "fullTitle": "usersListUtils filterUsersByAge filters users within age range",
                  "timedOut": false,
                  "duration": 0,
                  "state": "passed",
                  "speed": "fast",
                  "pass": true,
                  "fail": false,
                  "pending": false,
                  "context": null,
                  "code": "const result = filterUsersByAge(users, 21, 30);\nexpect(result).to.deep.equal([\n  { id: 1, name: 'Anna', age: 25, email: 'anna@example.com' },\n  { id: 2, name: 'John', age: 30, email: 'john@example.com' }\n]);",
                  "err": {},
                  "uuid": "cb754069-0757-4220-a138-69bdce5bc5c7",
                  "parentUUID": "45ba5132-30a6-43a0-b4de-68eb2b368ea2",
                  "isHook": false,
                  "skipped": false
                },
                {
                  "title": "throws error if input is not array",
                  "fullTitle": "usersListUtils filterUsersByAge throws error if input is not array",
                  "timedOut": false,
                  "duration": 0,
                  "state": "passed",
                  "speed": "fast",
                  "pass": true,
                  "fail": false,
                  "pending": false,
                  "context": null,
                  "code": "expect(() => filterUsersByAge('not array', 20, 30)).to.throw('Users must be an array');",
                  "err": {},
                  "uuid": "e2694fa3-92c5-4fed-ae9b-862ad0d3255d",
                  "parentUUID": "45ba5132-30a6-43a0-b4de-68eb2b368ea2",
                  "isHook": false,
                  "skipped": false
                }
              ],
              "suites": [],
              "passes": [
                "cb754069-0757-4220-a138-69bdce5bc5c7",
                "e2694fa3-92c5-4fed-ae9b-862ad0d3255d"
              ],
              "failures": [],
              "pending": [],
              "skipped": [],
              "duration": 0,
              "root": false,
              "rootEmpty": false,
              "_timeout": 2000
            },
            {
              "uuid": "d4349900-9de9-46bc-8e71-2c80809cbcbc",
              "title": "sortUsersByName",
              "fullFile": "C:\\Users\\arons\\autotest\\practice_unit\\tests\\usersLustUtils.test.js",
              "file": "\\tests\\usersLustUtils.test.js",
              "beforeHooks": [],
              "afterHooks": [],
              "tests": [
                {
                  "title": "sorts users alphabetically by name",
                  "fullTitle": "usersListUtils sortUsersByName sorts users alphabetically by name",
                  "timedOut": false,
                  "duration": 1,
                  "state": "passed",
                  "speed": "fast",
                  "pass": true,
                  "fail": false,
                  "pending": false,
                  "context": null,
                  "code": "const sorted = sortUsersByName(users);\nexpect(sorted.map(u => u.name)).to.deep.equal(['Anna', 'Bella', 'John']);",
                  "err": {},
                  "uuid": "899654f1-c315-42e4-be6e-3a323889640d",
                  "parentUUID": "d4349900-9de9-46bc-8e71-2c80809cbcbc",
                  "isHook": false,
                  "skipped": false
                },
                {
                  "title": "throws error if input is not array",
                  "fullTitle": "usersListUtils sortUsersByName throws error if input is not array",
                  "timedOut": false,
                  "duration": 0,
                  "state": "passed",
                  "speed": "fast",
                  "pass": true,
                  "fail": false,
                  "pending": false,
                  "context": null,
                  "code": "expect(() => sortUsersByName(null)).to.throw('Users must be an array');",
                  "err": {},
                  "uuid": "cd4587bf-df45-4b22-82fb-d8f9ec2a2211",
                  "parentUUID": "d4349900-9de9-46bc-8e71-2c80809cbcbc",
                  "isHook": false,
                  "skipped": false
                }
              ],
              "suites": [],
              "passes": [
                "899654f1-c315-42e4-be6e-3a323889640d",
                "cd4587bf-df45-4b22-82fb-d8f9ec2a2211"
              ],
              "failures": [],
              "pending": [],
              "skipped": [],
              "duration": 1,
              "root": false,
              "rootEmpty": false,
              "_timeout": 2000
            },
            {
              "uuid": "5dc70319-4949-44b2-ba38-0134af97c461",
              "title": "findUserById",
              "fullFile": "C:\\Users\\arons\\autotest\\practice_unit\\tests\\usersLustUtils.test.js",
              "file": "\\tests\\usersLustUtils.test.js",
              "beforeHooks": [],
              "afterHooks": [],
              "tests": [
                {
                  "title": "returns correct user by id",
                  "fullTitle": "usersListUtils findUserById returns correct user by id",
                  "timedOut": false,
                  "duration": 1,
                  "state": "passed",
                  "speed": "fast",
                  "pass": true,
                  "fail": false,
                  "pending": false,
                  "context": null,
                  "code": "expect(findUserById(users, 2)).to.deep.equal(users[1]);",
                  "err": {},
                  "uuid": "45e133a3-1b33-4671-901e-cb871bf445dc",
                  "parentUUID": "5dc70319-4949-44b2-ba38-0134af97c461",
                  "isHook": false,
                  "skipped": false
                },
                {
                  "title": "returns null if user not found",
                  "fullTitle": "usersListUtils findUserById returns null if user not found",
                  "timedOut": false,
                  "duration": 0,
                  "state": "passed",
                  "speed": "fast",
                  "pass": true,
                  "fail": false,
                  "pending": false,
                  "context": null,
                  "code": "expect(findUserById(users, 99)).to.be.null;",
                  "err": {},
                  "uuid": "a39c3df2-58b0-4e3a-b680-99d5892de3e8",
                  "parentUUID": "5dc70319-4949-44b2-ba38-0134af97c461",
                  "isHook": false,
                  "skipped": false
                },
                {
                  "title": "throws error if input is not array",
                  "fullTitle": "usersListUtils findUserById throws error if input is not array",
                  "timedOut": false,
                  "duration": 0,
                  "state": "passed",
                  "speed": "fast",
                  "pass": true,
                  "fail": false,
                  "pending": false,
                  "context": null,
                  "code": "expect(() => findUserById('wrong', 2)).to.throw('Users must be an array');",
                  "err": {},
                  "uuid": "90de879b-fed1-41f5-82f6-566a70ce146b",
                  "parentUUID": "5dc70319-4949-44b2-ba38-0134af97c461",
                  "isHook": false,
                  "skipped": false
                }
              ],
              "suites": [],
              "passes": [
                "45e133a3-1b33-4671-901e-cb871bf445dc",
                "a39c3df2-58b0-4e3a-b680-99d5892de3e8",
                "90de879b-fed1-41f5-82f6-566a70ce146b"
              ],
              "failures": [],
              "pending": [],
              "skipped": [],
              "duration": 1,
              "root": false,
              "rootEmpty": false,
              "_timeout": 2000
            },
            {
              "uuid": "2394f788-be9c-496e-847f-87a0471371e8",
              "title": "isEmailTaken",
              "fullFile": "C:\\Users\\arons\\autotest\\practice_unit\\tests\\usersLustUtils.test.js",
              "file": "\\tests\\usersLustUtils.test.js",
              "beforeHooks": [],
              "afterHooks": [],
              "tests": [
                {
                  "title": "returns true if email exists",
                  "fullTitle": "usersListUtils isEmailTaken returns true if email exists",
                  "timedOut": false,
                  "duration": 0,
                  "state": "passed",
                  "speed": "fast",
                  "pass": true,
                  "fail": false,
                  "pending": false,
                  "context": null,
                  "code": "expect(isEmailTaken(users, 'john@example.com')).to.be.true;",
                  "err": {},
                  "uuid": "f74e140e-d03c-4fb0-af0e-e0606b0f38bd",
                  "parentUUID": "2394f788-be9c-496e-847f-87a0471371e8",
                  "isHook": false,
                  "skipped": false
                },
                {
                  "title": "returns false if email does not exist",
                  "fullTitle": "usersListUtils isEmailTaken returns false if email does not exist",
                  "timedOut": false,
                  "duration": 0,
                  "state": "passed",
                  "speed": "fast",
                  "pass": true,
                  "fail": false,
                  "pending": false,
                  "context": null,
                  "code": "expect(isEmailTaken(users, 'notfound@example.com')).to.be.false;",
                  "err": {},
                  "uuid": "a34c92b4-263f-4b23-a4dc-c18089d9e2b4",
                  "parentUUID": "2394f788-be9c-496e-847f-87a0471371e8",
                  "isHook": false,
                  "skipped": false
                },
                {
                  "title": "throws error if input is not array",
                  "fullTitle": "usersListUtils isEmailTaken throws error if input is not array",
                  "timedOut": false,
                  "duration": 1,
                  "state": "passed",
                  "speed": "fast",
                  "pass": true,
                  "fail": false,
                  "pending": false,
                  "context": null,
                  "code": "expect(() => isEmailTaken({}, 'test@test.com')).to.throw('Users must be an array');",
                  "err": {},
                  "uuid": "d00c533d-ae53-4cc3-ac1e-0950f3c89571",
                  "parentUUID": "2394f788-be9c-496e-847f-87a0471371e8",
                  "isHook": false,
                  "skipped": false
                }
              ],
              "suites": [],
              "passes": [
                "f74e140e-d03c-4fb0-af0e-e0606b0f38bd",
                "a34c92b4-263f-4b23-a4dc-c18089d9e2b4",
                "d00c533d-ae53-4cc3-ac1e-0950f3c89571"
              ],
              "failures": [],
              "pending": [],
              "skipped": [],
              "duration": 1,
              "root": false,
              "rootEmpty": false,
              "_timeout": 2000
            }
          ],
          "passes": [],
          "failures": [],
          "pending": [],
          "skipped": [],
          "duration": 0,
          "root": false,
          "rootEmpty": false,
          "_timeout": 2000
        }
      ],
      "passes": [],
      "failures": [],
      "pending": [],
      "skipped": [],
      "duration": 0,
      "root": true,
      "rootEmpty": true,
      "_timeout": 2000
    }
  ],
  "meta": {
    "mocha": {
      "version": "11.1.0"
    },
    "mochawesome": {
      "options": {
        "quiet": false,
        "reportFilename": "mochawesome",
        "saveHtml": true,
        "saveJson": true,
        "consoleReporter": "spec",
        "useInlineDiffs": false,
        "code": true
      },
      "version": "7.1.3"
    },
    "marge": {
      "options": null,
      "version": "6.2.0"
    }
  }
}